<?xml version="1.0" encoding="UTF-8"?>
<!-- Generated by org.testng.reporters.JUnitXMLReporter -->
<testsuite hostname="madhu" ignored="1" name="Car Loan" tests="2" failures="1" timestamp="21 Jul 2018 07:12:07 GMT" time="0.047" errors="0">
  <testcase name="AoginAPICarLoan" time="0.0" classname="testng.TestNG_3">
    <failure type="org.testng.TestNGException" message="
Parameter &amp;apos;URL&amp;apos; is required by @Test on method AoginAPICarLoan but has not been marked @Optional or defined
in G:\SeleniumPractice\SeleniumWithJava\testng.xml">
      <![CDATA[org.testng.TestNGException: 
Parameter 'URL' is required by @Test on method AoginAPICarLoan but has not been marked @Optional or defined
in G:\SeleniumPractice\SeleniumWithJava\testng.xml
... Removed 24 stack frames]]>
    </failure>
  </testcase> <!-- AoginAPICarLoan -->
  <testcase name="WebLoginCarLoan" time="0.01" classname="testng.TestNG_3"/>
  <testcase name="MobileLoginCarLoan" time="0.0" classname="testng.TestNG_3">
    <ignored/>
  </testcase> <!-- MobileLoginCarLoan -->
</testsuite> <!-- Car Loan -->
