<?xml version="1.0" encoding="UTF-8"?>
<!-- Generated by org.testng.reporters.JUnitXMLReporter -->
<testsuite hostname="madhu" ignored="4" name="Home Loan" tests="2" failures="1" timestamp="21 Jul 2018 07:12:07 GMT" time="0.06" errors="0">
  <testcase name="LoginAPIHomeLoan" time="0.023" classname="testng.TestNG_4"/>
  <testcase name="MobileLoginHomeLoan" time="0.0" classname="testng.TestNG_4">
    <failure type="org.testng.TestNGException" message="
Parameter &amp;apos;URL&amp;apos; is required by @Test on method MobileLoginHomeLoan but has not been marked @Optional or defined
in G:\SeleniumPractice\SeleniumWithJava\testng.xml">
      <![CDATA[org.testng.TestNGException: 
Parameter 'URL' is required by @Test on method MobileLoginHomeLoan but has not been marked @Optional or defined
in G:\SeleniumPractice\SeleniumWithJava\testng.xml
... Removed 24 stack frames]]>
    </failure>
  </testcase> <!-- MobileLoginHomeLoan -->
  <testcase name="WebLogoutHomeLoan" time="0.0" classname="testng.TestNG_4">
    <ignored/>
  </testcase> <!-- WebLogoutHomeLoan -->
  <testcase name="WebLoginHomeLoan" time="0.0" classname="testng.TestNG_4">
    <ignored/>
  </testcase> <!-- WebLoginHomeLoan -->
  <testcase name="WebSignOutHomeLoan" time="0.0" classname="testng.TestNG_4">
    <ignored/>
  </testcase> <!-- WebSignOutHomeLoan -->
  <testcase name="WebSignInHomeLoan" time="0.0" classname="testng.TestNG_4">
    <ignored/>
  </testcase> <!-- WebSignInHomeLoan -->
</testsuite> <!-- Home Loan -->
